<?xml version="1.0" encoding="UTF-8"?>
<!-- Generated by org.testng.reporters.JUnitReportReporter -->
<testsuite hostname="DESKTOP-HB88F2S" failures="0" tests="4" name="TestCases.DashBoardTest" time="34.383" errors="0" timestamp="2022-08-24T15:08:10 IST" skipped="3">
  <testcase classname="TestCases.DashBoardTest" name="verifyuserIdTest" time="34.383"/>
  <system-out/>
  <testcase classname="TestCases.DashBoardTest" name="verifydashBoaedLinkTest">
    <skipped/>
  </testcase> <!-- verifydashBoaedLinkTest -->
  <system-out/>
  <testcase classname="TestCases.DashBoardTest" name="verifynickNameTest">
    <skipped/>
  </testcase> <!-- verifynickNameTest -->
  <system-out/>
  <testcase classname="TestCases.DashBoardTest" name="verifylogOutLinkTest">
    <skipped/>
  </testcase> <!-- verifylogOutLinkTest -->
  <system-out/>
</testsuite> <!-- TestCases.DashBoardTest -->
