<?xml version="1.0" encoding="UTF-8"?>
<!-- Generated by org.testng.reporters.JUnitReportReporter -->
<testsuite hostname="DESKTOP-HB88F2S" failures="0" tests="1" name="TestCases.AllAnnotationsTest" time="0.050" errors="0" timestamp="2022-08-22T23:17:09 IST" skipped="0">
  <testcase classname="TestCases.AllAnnotationsTest" name="test5" time="0.050"/>
  <system-out/>
</testsuite> <!-- TestCases.AllAnnotationsTest -->
