<?xml version="1.0" encoding="UTF-8"?>
<!-- Generated by org.testng.reporters.JUnitReportReporter -->
<testsuite hostname="DESKTOP-HB88F2S" failures="0" tests="2" name="TestCases.OrderPageTest" time="72.649" errors="0" timestamp="2022-08-24T14:25:35 IST" skipped="0">
  <testcase classname="TestCases.OrderPageTest" name="verifyOrderLink" time="37.678"/>
  <system-out/>
  <testcase classname="TestCases.OrderPageTest" name="verifyOrderPlace" time="34.971"/>
  <system-out/>
</testsuite> <!-- TestCases.OrderPageTest -->
