<?xml version="1.0" encoding="UTF-8"?>
<!-- Generated by org.testng.reporters.JUnitReportReporter -->
<testsuite hostname="DESKTOP-HB88F2S" failures="0" tests="4" name="TestCases.ParallelExsecution" time="78.975" errors="0" timestamp="2022-08-24T18:49:36 IST" skipped="0">
  <testcase classname="TestCases.ParallelExsecution" name="OpenZerodha" time="15.618"/>
  <system-out/>
  <testcase classname="TestCases.ParallelExsecution" name="OpenGoggle" time="29.650"/>
  <system-out/>
  <testcase classname="TestCases.ParallelExsecution" name="RediffOpen" time="10.451"/>
  <system-out/>
  <testcase classname="TestCases.ParallelExsecution" name="FbOpen" time="23.256"/>
  <system-out/>
</testsuite> <!-- TestCases.ParallelExsecution -->
