<?xml version="1.0" encoding="UTF-8"?>
<!-- Generated by org.testng.reporters.JUnitReportReporter -->
<testsuite hostname="DESKTOP-HB88F2S" failures="0" tests="6" name="TestCases.LoginPageTest" time="160.528" errors="0" timestamp="2022-08-23T21:30:21 IST" skipped="1">
  <testcase classname="TestCases.LoginPageTest" name="verifyKiteLogoTest" time="26.669"/>
  <system-out/>
  <testcase classname="TestCases.LoginPageTest" name="verifyZerodhaLogoTest" time="22.624"/>
  <system-out/>
  <testcase classname="TestCases.LoginPageTest" name="verifyZerodhaLogoTest" time="25.779"/>
  <system-out/>
  <testcase classname="TestCases.LoginPageTest" name="verifyZerodhaLogoTest" time="53.768"/>
  <system-out/>
  <testcase classname="TestCases.LoginPageTest" name="verifyKiteleballTest" time="31.688"/>
  <system-out/>
  <testcase classname="TestCases.LoginPageTest" name="verifyZerodhaLoginTest">
    <skipped/>
  </testcase> <!-- verifyZerodhaLoginTest -->
  <system-out/>
</testsuite> <!-- TestCases.LoginPageTest -->
